2018-12-30 00:02:38  [ main:0 ] - [ INFO ]  ===starting=== tool.ReadData
2018-12-30 00:02:38  [ main:8 ] - [ INFO ]  datasetname: testdata\undirectgraph6
2018-12-30 00:02:38  [ main:8 ] - [ ERROR ]  IO error
2018-12-30 00:02:40  [ main:0 ] - [ INFO ]  ===starting=== tool.ReadData
2018-12-30 00:02:40  [ main:2 ] - [ INFO ]  datasetname: testdata/undirectgraph6
2018-12-30 00:02:40  [ main:2 ] - [ ERROR ]  IO error
2018-12-30 00:03:31  [ main:0 ] - [ INFO ]  ===starting=== tool.ReadData
2018-12-30 00:03:31  [ main:2 ] - [ INFO ]  datasetname: testdata/undirectgraph6
2018-12-30 00:03:31  [ main:3 ] - [ INFO ]  ==start== read vertextsize:6
2018-12-30 00:03:31  [ main:3 ] - [ INFO ]  ==start== read edges
2018-12-30 00:03:31  [ main:4 ] - [ INFO ]  ===DONE: read graph
2018-12-30 00:03:31  [ main:5 ] - [ INFO ]  ===DONE: initial vertices
2018-12-30 00:03:31  [ main:7 ] - [ INFO ]  ==DONE: check no changed number: 0. Percent:0.0
2018-12-30 00:03:31  [ main:7 ] - [ INFO ]  ==DNOE: re-computing estmate core, ROUND:1
2018-12-30 00:03:31  [ main:8 ] - [ INFO ]  ==DONE: check no changed number: 6. Percent:1.0
2018-12-30 00:03:31  [ main:8 ] - [ INFO ]  !!!ALL VERTICES HAVE CONVERGE!!!
2018-12-30 00:03:52  [ main:0 ] - [ INFO ]  ===starting=== tool.ReadData
2018-12-30 00:03:52  [ main:2 ] - [ INFO ]  datasetname: testdata/undirectgraph6
2018-12-30 00:03:52  [ main:3 ] - [ INFO ]  ==start== read vertextsize:6
2018-12-30 00:03:52  [ main:3 ] - [ INFO ]  ==start== read edges
2018-12-30 00:03:52  [ main:4 ] - [ INFO ]  ===DONE: read graph
2018-12-30 00:03:52  [ main:5 ] - [ INFO ]  ===DONE: initial vertices
2018-12-30 00:03:52  [ main:6 ] - [ INFO ]  ==DONE: check no changed number: 0. Percent:0.0
2018-12-30 00:03:52  [ main:7 ] - [ INFO ]  All vertics estmate core is:[1, 3, 3, 3, 3, 1]
2018-12-30 00:03:52  [ main:7 ] - [ INFO ]  ==DNOE: re-computing estmate core, ROUND:1
2018-12-30 00:03:52  [ main:8 ] - [ INFO ]  ==DONE: check no changed number: 6. Percent:1.0
2018-12-30 00:03:52  [ main:8 ] - [ INFO ]  All vertics estmate core is:[1, 2, 2, 2, 2, 1]
2018-12-30 00:03:52  [ main:8 ] - [ INFO ]  !!!ALL VERTICES HAVE CONVERGE!!!
2018-12-30 00:04:09  [ main:0 ] - [ INFO ]  ===starting=== tool.ReadData
2018-12-30 00:04:09  [ main:2 ] - [ INFO ]  datasetname: testdata/undirectgraph6
2018-12-30 00:04:09  [ main:3 ] - [ INFO ]  ==start== read vertextsize:6
2018-12-30 00:04:09  [ main:3 ] - [ INFO ]  ==start== read edges
2018-12-30 00:04:09  [ main:4 ] - [ INFO ]  ===DONE: read graph
2018-12-30 00:04:09  [ main:4 ] - [ INFO ]  ===DONE: initial vertices
2018-12-30 00:04:09  [ main:6 ] - [ INFO ]  ==DONE: check no changed number: 0. Percent:0.0
2018-12-30 00:04:09  [ main:6 ] - [ INFO ]  All vertics estmate core is:[1, 3, 3, 3, 3, 1]
2018-12-30 00:04:09  [ main:7 ] - [ INFO ]  ==DNOE: re-computing estmate core, ROUND:1
2018-12-30 00:04:09  [ main:8 ] - [ INFO ]  ==DONE: check no changed number: 6. Percent:1.0
2018-12-30 00:04:09  [ main:8 ] - [ INFO ]  All vertics estmate core is:[1, 2, 2, 2, 2, 1]
2018-12-30 00:04:09  [ main:8 ] - [ INFO ]  ======!!!ALL VERTICES HAVE CONVERGE!!!======
2018-12-30 00:14:25  [ main:0 ] - [ INFO ]  ===starting=== tool.ReadData
2018-12-30 00:14:25  [ main:2 ] - [ INFO ]  datasetname: testdata/undirectgraph6
2018-12-30 00:14:25  [ main:3 ] - [ INFO ]  ==start== read vertextsize:6
2018-12-30 00:14:25  [ main:3 ] - [ INFO ]  ==start== read edges
2018-12-30 00:14:25  [ main:4 ] - [ INFO ]  ===DONE: read graph
2018-12-30 00:14:25  [ main:4 ] - [ INFO ]  ===DONE: initial vertices
2018-12-30 00:14:25  [ main:7 ] - [ INFO ]  ==DONE: check no changed number: 0. Percent:0.0
2018-12-30 00:14:25  [ main:7 ] - [ INFO ]  All vertics estmate core is:[1, 3, 3, 3, 3, 1]
2018-12-30 00:14:25  [ main:7 ] - [ INFO ]  ==DNOE: re-computing estmate core, ROUND:1
2018-12-30 00:14:25  [ main:9 ] - [ INFO ]  ==DONE: check no changed number: 6. Percent:1.0
2018-12-30 00:14:25  [ main:10 ] - [ INFO ]  All vertics estmate core is:[1, 2, 2, 2, 2, 1]
2018-12-30 00:14:25  [ main:10 ] - [ INFO ]  ======!!!ALL VERTICES HAVE CONVERGE!!!======
2018-12-30 00:20:24  [ main:0 ] - [ INFO ]  ===starting=== tool.ReadData
2018-12-30 00:20:24  [ main:16 ] - [ INFO ]  datasetname: testdata/undirectgraph6
2018-12-30 00:20:24  [ main:16 ] - [ INFO ]  ==start== read vertextsize:6
2018-12-30 00:20:24  [ main:16 ] - [ INFO ]  ==start== read edges
2018-12-30 00:20:24  [ main:16 ] - [ INFO ]  ===DONE: read graph
2018-12-30 00:20:24  [ main:16 ] - [ INFO ]  ===DONE: initial vertices
2018-12-30 00:20:24  [ main:16 ] - [ INFO ]  ==DONE: check no changed number: 0. Percent:0.0
2018-12-30 00:20:24  [ main:16 ] - [ INFO ]  All vertics estmate core is:[1, 3, 3, 3, 3, 1]
2018-12-30 00:20:24  [ main:16 ] - [ INFO ]  ==DNOE: re-computing estmate core, ROUND:1
2018-12-30 00:20:24  [ main:16 ] - [ INFO ]  ==DONE: check no changed number: 6. Percent:1.0
2018-12-30 00:20:24  [ main:16 ] - [ INFO ]  All vertics estmate core is:[1, 3, 3, 3, 3, 1, 1, 2, 2, 2, 2, 1]
2018-12-30 00:20:24  [ main:16 ] - [ INFO ]  ======!!!ALL VERTICES HAVE CONVERGE!!!======
2018-12-30 00:21:22  [ main:0 ] - [ INFO ]  ===starting=== tool.ReadData
2018-12-30 00:21:22  [ main:16 ] - [ INFO ]  datasetname: testdata/undirectgraph6
2018-12-30 00:21:22  [ main:16 ] - [ INFO ]  ==start== read vertextsize:6
2018-12-30 00:21:22  [ main:16 ] - [ INFO ]  ==start== read edges
2018-12-30 00:21:22  [ main:16 ] - [ INFO ]  ===DONE: read graph
2018-12-30 00:21:22  [ main:16 ] - [ INFO ]  ===DONE: initial vertices
2018-12-30 00:21:22  [ main:16 ] - [ INFO ]  ==DONE: check no changed number: 0. Percent:0.0
2018-12-30 00:21:22  [ main:16 ] - [ INFO ]  All vertics estmate core is:[1, 3, 3, 3, 3, 1]
2018-12-30 00:21:22  [ main:16 ] - [ INFO ]  ==DNOE: re-computing estmate core, ROUND:1
2018-12-30 00:21:22  [ main:16 ] - [ INFO ]  ==DONE: check no changed number: 6. Percent:1.0
2018-12-30 00:21:22  [ main:16 ] - [ INFO ]  All vertics estmate core is:[1, 2, 2, 2, 2, 1]
2018-12-30 00:21:22  [ main:16 ] - [ INFO ]  ======!!!ALL VERTICES HAVE CONVERGE!!!======
2018-12-30 00:29:23  [ main:0 ] - [ INFO ]  ===starting=== tool.ReadData
2018-12-30 00:29:23  [ main:0 ] - [ INFO ]  datasetname: testdata/undirectgraph6
2018-12-30 00:29:23  [ main:15 ] - [ INFO ]  ==start== read vertextsize:6
2018-12-30 00:29:23  [ main:15 ] - [ INFO ]  ==start== read edges
2018-12-30 00:29:23  [ main:15 ] - [ INFO ]  ===DONE: read graph
2018-12-30 00:29:23  [ main:15 ] - [ INFO ]  ===DONE: initial vertices
2018-12-30 00:29:23  [ main:15 ] - [ INFO ]  ==DONE: check no changed number: 0. Percent:0.0
2018-12-30 00:29:23  [ main:15 ] - [ INFO ]  All vertics estmate core is:[1, 3, 3, 3, 3, 1]
2018-12-30 00:29:23  [ main:15 ] - [ INFO ]  ==DNOE: re-computing estmate core, ROUND:1
2018-12-30 00:29:23  [ main:15 ] - [ INFO ]  ==DONE: check no changed number: 6. Percent:1.0
2018-12-30 00:29:23  [ main:15 ] - [ INFO ]  All vertics estmate core is:[1, 2, 2, 2, 2, 1]
2018-12-30 00:29:23  [ main:15 ] - [ INFO ]  ======!!!ALL VERTICES HAVE CONVERGE!!!======
2018-12-30 00:30:42  [ main:0 ] - [ INFO ]  ===Start Run: DistributedCore===
2018-12-30 00:30:42  [ main:0 ] - [ INFO ]  ===starting=== tool.ReadData
2018-12-30 00:30:42  [ main:0 ] - [ INFO ]  datasetname: testdata/undirectgraph6
2018-12-30 00:30:42  [ main:0 ] - [ INFO ]  ==start== read vertextsize:6
2018-12-30 00:30:42  [ main:0 ] - [ INFO ]  ==start== read edges
2018-12-30 00:30:42  [ main:0 ] - [ INFO ]  ===DONE: read graph
2018-12-30 00:30:42  [ main:0 ] - [ INFO ]  ===DONE: initial vertices
2018-12-30 00:30:42  [ main:0 ] - [ INFO ]  ==DONE: check no changed number: 0. Percent:0.0
2018-12-30 00:30:42  [ main:0 ] - [ INFO ]  All vertics estmate core is:[1, 3, 3, 3, 3, 1]
2018-12-30 00:30:42  [ main:0 ] - [ INFO ]  ==DNOE: re-computing estmate core, ROUND:1
2018-12-30 00:30:42  [ main:0 ] - [ INFO ]  ==DONE: check no changed number: 6. Percent:1.0
2018-12-30 00:30:42  [ main:0 ] - [ INFO ]  All vertics estmate core is:[1, 2, 2, 2, 2, 1]
2018-12-30 00:30:42  [ main:0 ] - [ INFO ]  ======!!!ALL VERTICES HAVE CONVERGE!!!======
2018-12-30 00:31:43  [ main:0 ] - [ INFO ]  ===Start Run: DistributedCore===
2018-12-30 00:31:43  [ main:16 ] - [ INFO ]  ===starting=== readUndirectGraph
2018-12-30 00:31:43  [ main:16 ] - [ INFO ]  datasetname: testdata/undirectgraph6
2018-12-30 00:31:43  [ main:16 ] - [ INFO ]  ==start== read vertextsize:6
2018-12-30 00:31:43  [ main:16 ] - [ INFO ]  ==start== read edges
2018-12-30 00:31:43  [ main:16 ] - [ INFO ]  ===DONE: read graph
2018-12-30 00:31:43  [ main:16 ] - [ INFO ]  ===DONE: initial vertices
2018-12-30 00:31:43  [ main:16 ] - [ INFO ]  ==DONE: check no changed number: 0. Percent:0.0
2018-12-30 00:31:43  [ main:16 ] - [ INFO ]  All vertics estmate core is:[1, 3, 3, 3, 3, 1]
2018-12-30 00:31:43  [ main:16 ] - [ INFO ]  ==DNOE: re-computing estmate core, ROUND:1
2018-12-30 00:31:43  [ main:16 ] - [ INFO ]  ==DONE: check no changed number: 6. Percent:1.0
2018-12-30 00:31:43  [ main:16 ] - [ INFO ]  All vertics estmate core is:[1, 2, 2, 2, 2, 1]
2018-12-30 00:31:43  [ main:16 ] - [ INFO ]  ======!!!ALL VERTICES HAVE CONVERGE!!!======
2018-12-30 00:42:50  [ main:0 ] - [ INFO ]  ===Start Run: DistributedCore===
2018-12-30 00:42:50  [ main:16 ] - [ INFO ]  ===starting=== readUndirectGraph
2018-12-30 00:42:50  [ main:16 ] - [ INFO ]  datasetname: testdata/undirectgraph7
2018-12-30 00:42:50  [ main:16 ] - [ INFO ]  ==start== read vertextsize:7
2018-12-30 00:42:50  [ main:16 ] - [ INFO ]  ==start== read edges
2018-12-30 00:42:50  [ main:16 ] - [ INFO ]  ===DONE: read graph
2018-12-30 00:42:50  [ main:16 ] - [ INFO ]  ===DONE: initial vertices
2018-12-30 00:42:50  [ main:16 ] - [ INFO ]  ==DONE: check no changed number: 0. Percent:0.0
2018-12-30 00:42:50  [ main:16 ] - [ INFO ]  All vertics estmate core is:[4, 4, 5, 5, 6, 1, 3]
2018-12-30 00:42:50  [ main:16 ] - [ INFO ]  ==DNOE: re-computing estmate core, ROUND:1
2018-12-30 00:42:50  [ main:16 ] - [ INFO ]  ==DONE: check no changed number: 7. Percent:1.0
2018-12-30 00:42:50  [ main:16 ] - [ INFO ]  All vertics estmate core is:[4, 4, 4, 4, 4, 1, 3]
2018-12-30 00:42:50  [ main:16 ] - [ INFO ]  ======!!!ALL VERTICES HAVE CONVERGE!!!======
2018-12-30 01:01:11  [ main:0 ] - [ INFO ]  ===Start Run: DistributedCore===
2018-12-30 01:01:11  [ main:0 ] - [ INFO ]  ===starting=== readUndirectGraph
2018-12-30 01:01:11  [ main:0 ] - [ INFO ]  datasetname: testdata/undirectgraph18
2018-12-30 01:01:11  [ main:0 ] - [ INFO ]  ==start== read vertextsize:18
2018-12-30 01:01:11  [ main:0 ] - [ INFO ]  ==start== read edges
2018-12-30 01:02:06  [ main:0 ] - [ INFO ]  ===Start Run: DistributedCore===
2018-12-30 01:02:06  [ main:15 ] - [ INFO ]  ===starting=== readUndirectGraph
2018-12-30 01:02:06  [ main:15 ] - [ INFO ]  datasetname: testdata/undirectgraph18
2018-12-30 01:02:06  [ main:15 ] - [ INFO ]  ==start== read vertextsize:18
2018-12-30 01:02:06  [ main:15 ] - [ INFO ]  ==start== read edges
2018-12-30 01:02:06  [ main:15 ] - [ INFO ]  ===DONE: read graph
2018-12-30 01:02:06  [ main:15 ] - [ INFO ]  ===DONE: initial vertices
2018-12-30 01:02:06  [ main:15 ] - [ INFO ]  ==DONE: check no changed number: 0. Percent:0.0
2018-12-30 01:02:06  [ main:15 ] - [ INFO ]  All vertics estmate core is:[3, 4, 6, 5, 5, 5, 7, 3, 3, 2, 3, 3, 3, 4, 4, 3, 4, 3]
2018-12-30 01:02:06  [ main:15 ] - [ INFO ]  ==DNOE: re-computing estmate core, ROUND:1
2018-12-30 01:02:06  [ main:15 ] - [ INFO ]  ==DONE: check no changed number: 18. Percent:1.0
2018-12-30 01:02:06  [ main:15 ] - [ INFO ]  All vertics estmate core is:[3, 3, 4, 4, 4, 4, 4, 3, 3, 2, 2, 2, 2, 3, 3, 3, 3, 3]
2018-12-30 01:02:06  [ main:15 ] - [ INFO ]  ======!!!ALL VERTICES HAVE CONVERGE!!!======
2018-12-30 01:06:45  [ main:0 ] - [ INFO ]  ===Start Run: DistributedCore===
2018-12-30 01:06:45  [ main:0 ] - [ INFO ]  ===starting=== readUndirectGraph
2018-12-30 01:06:45  [ main:0 ] - [ INFO ]  datasetname: testdata/undirectgraph7
2018-12-30 01:06:45  [ main:0 ] - [ INFO ]  ==start== read vertextsize:7
2018-12-30 01:06:45  [ main:0 ] - [ INFO ]  ==start== read edges
2018-12-30 01:06:45  [ main:15 ] - [ INFO ]  ===DONE: read graph
2018-12-30 01:06:45  [ main:15 ] - [ INFO ]  ===DONE: initial vertices
2018-12-30 01:06:45  [ main:15 ] - [ INFO ]  ==DONE: check no changed number: 0. Percent:0.0
2018-12-30 01:06:45  [ main:15 ] - [ INFO ]  All vertics estmate core is:[4, 4, 5, 5, 6, 1, 3]
2018-12-30 01:06:45  [ main:15 ] - [ INFO ]  ==DNOE: re-computing estmate core, ROUND:1
2018-12-30 01:06:45  [ main:15 ] - [ INFO ]  ==DONE: check no changed number: 7. Percent:1.0
2018-12-30 01:06:45  [ main:15 ] - [ INFO ]  All vertics estmate core is:[4, 4, 4, 4, 4, 1, 3]
2018-12-30 01:06:45  [ main:15 ] - [ INFO ]  ======!!!ALL VERTICES HAVE CONVERGE!!!======
2018-12-30 01:09:54  [ main:0 ] - [ INFO ]  ===Start Run: DistributedCore===
2018-12-30 01:09:54  [ main:15 ] - [ INFO ]  ===starting=== readUndirectGraph
2018-12-30 01:09:54  [ main:15 ] - [ INFO ]  datasetname: testdata/undirectgraph18
2018-12-30 01:09:54  [ main:15 ] - [ INFO ]  ==start== read vertextsize:18
2018-12-30 01:09:54  [ main:15 ] - [ INFO ]  ==start== read edges
2018-12-30 01:09:54  [ main:47 ] - [ INFO ]  ===DONE: read graph
2018-12-30 01:09:54  [ main:62 ] - [ INFO ]  ===DONE: initial vertices
2018-12-30 01:09:54  [ main:62 ] - [ INFO ]  ==DONE: check no changed number: 0. Percent:0.0
2018-12-30 01:09:54  [ main:62 ] - [ INFO ]  All vertics estmate core is:[3, 4, 6, 5, 5, 5, 7, 3, 3, 2, 3, 3, 3, 4, 4, 3, 4, 3]
2018-12-30 01:09:54  [ main:62 ] - [ INFO ]  ==DNOE: re-computing estmate core, ROUND:1
2018-12-30 01:09:54  [ main:62 ] - [ INFO ]  ==DONE: check no changed number: 18. Percent:1.0
2018-12-30 01:09:54  [ main:62 ] - [ INFO ]  All vertics estmate core is:[3, 3, 4, 4, 4, 4, 4, 3, 3, 2, 2, 2, 2, 3, 3, 3, 3, 3]
2018-12-30 01:09:54  [ main:62 ] - [ INFO ]  ======!!!ALL VERTICES HAVE CONVERGE!!!======
